src/app/(dashboard)/layout.tsx(4,28): error TS2307: Cannot find module '@/hooks/use-app-user' or its corresponding type declarations.
src/app/actions/data.ts(12,9): error TS2322: Type 'Resource[][]' is not assignable to type 'Resource[]'.
  Type 'Resource[]' is missing the following properties from type 'Resource': id, name, type, location, and 4 more.
src/app/actions/data.ts(22,9): error TS2740: Type 'Resource[]' is missing the following properties from type 'Resource': id, name, type, location, and 4 more.
src/app/actions/data.ts(34,9): error TS2322: Type 'User[][]' is not assignable to type 'User[]'.
  Type 'User[]' is missing the following properties from type 'User': id, name, email, role, avatar
src/app/actions/data.ts(44,9): error TS2739: Type 'User[]' is missing the following properties from type 'User': id, name, email, role, avatar
src/app/actions/data.ts(56,9): error TS2322: Type 'Reservation[][]' is not assignable to type 'Reservation[]'.
  Type 'Reservation[]' is missing the following properties from type 'Reservation': id, resourceId, userId, startTime, and 3 more.
src/app/actions/data.ts(66,9): error TS2740: Type 'Reservation[]' is missing the following properties from type 'Reservation': id, resourceId, userId, startTime, and 3 more.
src/app/actions/mutations.ts(47,59): error TS2345: Argument of type 'string[]' is not assignable to parameter of type 'Primitive'.
src/app/actions/mutations.ts(75,103): error TS2345: Argument of type 'string[]' is not assignable to parameter of type 'Primitive'.
src/app/actions/users.ts(19,57): error TS2304: Cannot find name 'userIds'.
src/app/actions/users.ts(19,69): error TS7006: Parameter 'id' implicitly has an 'any' type.
src/app/actions/users.ts(67,13): error TS18047: 'existingUser.rowCount' is possibly 'null'.
src/app/actions/users.ts(162,22): error TS2339: Property 'query' does not exist on type '<O extends QueryResultRow>(strings: TemplateStringsArray, ...values: Primitive[]) => Promise<QueryResult<O>>'.
src/app/dashboard/settings/page.tsx(111,5): error TS2322: Type '"resourceTags"' is not assignable to type '"classBlocks" | "breaks"'.
src/app/dashboard/settings/resources/edit/[id]/page.tsx(82,32): error TS2345: Argument of type '{ equipment: string; tags: string[]; id: string; name: string; type: string; location: string; capacity: number; imageUrl: string | null; availability?: string; description?: string; }' is not assignable to parameter of type '{ type: string; name: string; location: string; capacity: number; imageUrl: string; tags: string[]; equipment?: string | undefined; } | { type?: string | undefined; name?: string | undefined; ... 4 more ...; equipment?: string | undefined; } | ResetAction<...> | undefined'.
  Type '{ equipment: string; tags: string[]; id: string; name: string; type: string; location: string; capacity: number; imageUrl: string | null; availability?: string; description?: string; }' is not assignable to type '{ type?: string | undefined; name?: string | undefined; location?: string | undefined; capacity?: number | undefined; imageUrl?: string | undefined; tags?: (string | undefined)[] | undefined; equipment?: string | undefined; }'.
    Types of property 'imageUrl' are incompatible.
      Type 'string | null' is not assignable to type 'string | undefined'.
        Type 'null' is not assignable to type 'string | undefined'.
src/app/reset-password/page.tsx(62,46): error TS2345: Argument of type '{ email: string; password: string; }' is not assignable to parameter of type 'string'.
src/components/app-sidebar.tsx(55,15): error TS2322: Type '{ children: Element; as: ForwardRefExoticComponent<Omit<AnchorHTMLAttributes<HTMLAnchorElement>, keyof InternalLinkProps> & InternalLinkProps & { ...; } & RefAttributes<...>>; href: string; title: string; className: string; tooltip: string; }' is not assignable to type 'IntrinsicAttributes & Omit<ClassAttributes<HTMLButtonElement> & ButtonHTMLAttributes<HTMLButtonElement> & { ...; }, "ref"> & RefAttributes<...>'.
  Property 'href' does not exist on type 'IntrinsicAttributes & Omit<ClassAttributes<HTMLButtonElement> & ButtonHTMLAttributes<HTMLButtonElement> & { ...; }, "ref"> & RefAttributes<...>'. Did you mean 'ref'?
src/components/reservations/edit-reservation-form.tsx(89,32): error TS2339: Property 'purpose' does not exist on type 'Reservation'.
src/components/reservations/reservations-client-view.tsx(36,39): error TS2345: Argument of type '{ status: string | string[]; userId: string | null; showAll: boolean; }' is not assignable to parameter of type '{ status?: string | string[] | undefined; userId?: string | undefined; }'.
  Types of property 'userId' are incompatible.
    Type 'string | null' is not assignable to type 'string | undefined'.
      Type 'null' is not assignable to type 'string | undefined'.
src/components/reservations/reservations-client-view.tsx(67,17): error TS2322: Type 'null' is not assignable to type 'string'.
src/components/ui/tabs.tsx(20,15): error TS2339: Property 'value' does not exist on type '{ prefix?: string | undefined; translate?: "yes" | "no" | undefined; content?: string | undefined; popover?: "" | "auto" | "manual" | "hint" | undefined; id?: string | undefined; role?: AriaRole | undefined; ... 271 more ...; loop?: boolean | undefined; }'.
src/components/ui/tabs.tsx(21,26): error TS2339: Property 'value' does not exist on type '{ prefix?: string | undefined; translate?: "yes" | "no" | undefined; content?: string | undefined; popover?: "" | "auto" | "manual" | "hint" | undefined; id?: string | undefined; role?: AriaRole | undefined; ... 271 more ...; loop?: boolean | undefined; }'.
src/components/ui/tabs.tsx(23,13): error TS2339: Property 'value' does not exist on type '{ prefix?: string | undefined; translate?: "yes" | "no" | undefined; content?: string | undefined; popover?: "" | "auto" | "manual" | "hint" | undefined; id?: string | undefined; role?: AriaRole | undefined; ... 271 more ...; loop?: boolean | undefined; }'.
src/components/users/edit-user-form.tsx(56,7): error TS2322: Type 'string' is not assignable to type '"Admin" | "Usu├írio" | undefined'.
src/components/users/edit-user-form.tsx(90,45): error TS2345: Argument of type '(values: { name: string; email: string; role: "Admin" | "Usu├írio"; avatar?: string | undefined; }) => Promise<void>' is not assignable to parameter of type 'SubmitHandler<TFieldValues>'.
  Types of parameters 'values' and 'data' are incompatible.
    Type 'TFieldValues' is not assignable to type '{ name: string; email: string; role: "Admin" | "Usu├írio"; avatar?: string | undefined; }'.
      Type 'FieldValues' is missing the following properties from type '{ name: string; email: string; role: "Admin" | "Usu├írio"; avatar?: string | undefined; }': name, email, role
src/components/users/edit-user-form.tsx(92,15): error TS2322: Type 'Control<{ name: string; email: string; role: "Admin" | "Usu├írio"; avatar?: string | undefined; }, any, TFieldValues>' is not assignable to type 'Control<{ name: string; email: string; role: "Admin" | "Usu├írio"; avatar?: string | undefined; }, any, { name: string; email: string; role: "Admin" | "Usu├írio"; avatar?: string | undefined; }>'.
  The types of '_options.resolver' are incompatible between these types.
    Type 'Resolver<{ name: string; email: string; role: "Admin" | "Usu├írio"; avatar?: string | undefined; }, any, TFieldValues> | undefined' is not assignable to type 'Resolver<{ name: string; email: string; role: "Admin" | "Usu├írio"; avatar?: string | undefined; }, any, { name: string; email: string; role: "Admin" | "Usu├írio"; avatar?: string | undefined; }> | undefined'.
      Type 'Resolver<{ name: string; email: string; role: "Admin" | "Usu├írio"; avatar?: string | undefined; }, any, TFieldValues>' is not assignable to type 'Resolver<{ name: string; email: string; role: "Admin" | "Usu├írio"; avatar?: string | undefined; }, any, { name: string; email: string; role: "Admin" | "Usu├írio"; avatar?: string | undefined; }>'.
        Type 'ResolverResult<{ name: string; email: string; role: "Admin" | "Usu├írio"; avatar?: string | undefined; }, TFieldValues> | Promise<ResolverResult<{ name: string; email: string; role: "Admin" | "Usu├írio"; avatar?: string | undefined; }, TFieldValues>>' is not assignable to type 'ResolverResult<{ name: string; email: string; role: "Admin" | "Usu├írio"; avatar?: string | undefined; }, { name: string; email: string; role: "Admin" | "Usu├írio"; avatar?: string | undefined; }> | Promise<...>'.
          Type 'ResolverSuccess<TFieldValues>' is not assignable to type 'ResolverResult<{ name: string; email: string; role: "Admin" | "Usu├írio"; avatar?: string | undefined; }, { name: string; email: string; role: "Admin" | "Usu├írio"; avatar?: string | undefined; }> | Promise<...>'.
            Type 'ResolverSuccess<TFieldValues>' is not assignable to type 'ResolverSuccess<{ name: string; email: string; role: "Admin" | "Usu├írio"; avatar?: string | undefined; }>'.
              Type 'TFieldValues' is not assignable to type '{ name: string; email: string; role: "Admin" | "Usu├írio"; avatar?: string | undefined; }'.
                Type 'FieldValues' is missing the following properties from type '{ name: string; email: string; role: "Admin" | "Usu├írio"; avatar?: string | undefined; }': name, email, role
src/components/users/edit-user-form.tsx(105,15): error TS2322: Type 'Control<{ name: string; email: string; role: "Admin" | "Usu├írio"; avatar?: string | undefined; }, any, TFieldValues>' is not assignable to type 'Control<{ name: string; email: string; role: "Admin" | "Usu├írio"; avatar?: string | undefined; }, any, { name: string; email: string; role: "Admin" | "Usu├írio"; avatar?: string | undefined; }>'.
  The types of '_options.resolver' are incompatible between these types.
    Type 'Resolver<{ name: string; email: string; role: "Admin" | "Usu├írio"; avatar?: string | undefined; }, any, TFieldValues> | undefined' is not assignable to type 'Resolver<{ name: string; email: string; role: "Admin" | "Usu├írio"; avatar?: string | undefined; }, any, { name: string; email: string; role: "Admin" | "Usu├írio"; avatar?: string | undefined; }> | undefined'.
      Type 'Resolver<{ name: string; email: string; role: "Admin" | "Usu├írio"; avatar?: string | undefined; }, any, TFieldValues>' is not assignable to type 'Resolver<{ name: string; email: string; role: "Admin" | "Usu├írio"; avatar?: string | undefined; }, any, { name: string; email: string; role: "Admin" | "Usu├írio"; avatar?: string | undefined; }>'.
        Type 'ResolverResult<{ name: string; email: string; role: "Admin" | "Usu├írio"; avatar?: string | undefined; }, TFieldValues> | Promise<ResolverResult<{ name: string; email: string; role: "Admin" | "Usu├írio"; avatar?: string | undefined; }, TFieldValues>>' is not assignable to type 'ResolverResult<{ name: string; email: string; role: "Admin" | "Usu├írio"; avatar?: string | undefined; }, { name: string; email: string; role: "Admin" | "Usu├írio"; avatar?: string | undefined; }> | Promise<...>'.
          Type 'ResolverSuccess<TFieldValues>' is not assignable to type 'ResolverResult<{ name: string; email: string; role: "Admin" | "Usu├írio"; avatar?: string | undefined; }, { name: string; email: string; role: "Admin" | "Usu├írio"; avatar?: string | undefined; }> | Promise<...>'.
            Type 'ResolverSuccess<TFieldValues>' is not assignable to type 'ResolverSuccess<{ name: string; email: string; role: "Admin" | "Usu├írio"; avatar?: string | undefined; }>'.
              Type 'TFieldValues' is not assignable to type '{ name: string; email: string; role: "Admin" | "Usu├írio"; avatar?: string | undefined; }'.
                Type 'FieldValues' is missing the following properties from type '{ name: string; email: string; role: "Admin" | "Usu├írio"; avatar?: string | undefined; }': name, email, role
src/components/users/edit-user-form.tsx(121,15): error TS2322: Type 'Control<{ name: string; email: string; role: "Admin" | "Usu├írio"; avatar?: string | undefined; }, any, TFieldValues>' is not assignable to type 'Control<{ name: string; email: string; role: "Admin" | "Usu├írio"; avatar?: string | undefined; }, any, { name: string; email: string; role: "Admin" | "Usu├írio"; avatar?: string | undefined; }>'.
  The types of '_options.resolver' are incompatible between these types.
    Type 'Resolver<{ name: string; email: string; role: "Admin" | "Usu├írio"; avatar?: string | undefined; }, any, TFieldValues> | undefined' is not assignable to type 'Resolver<{ name: string; email: string; role: "Admin" | "Usu├írio"; avatar?: string | undefined; }, any, { name: string; email: string; role: "Admin" | "Usu├írio"; avatar?: string | undefined; }> | undefined'.
      Type 'Resolver<{ name: string; email: string; role: "Admin" | "Usu├írio"; avatar?: string | undefined; }, any, TFieldValues>' is not assignable to type 'Resolver<{ name: string; email: string; role: "Admin" | "Usu├írio"; avatar?: string | undefined; }, any, { name: string; email: string; role: "Admin" | "Usu├írio"; avatar?: string | undefined; }>'.
        Type 'ResolverResult<{ name: string; email: string; role: "Admin" | "Usu├írio"; avatar?: string | undefined; }, TFieldValues> | Promise<ResolverResult<{ name: string; email: string; role: "Admin" | "Usu├írio"; avatar?: string | undefined; }, TFieldValues>>' is not assignable to type 'ResolverResult<{ name: string; email: string; role: "Admin" | "Usu├írio"; avatar?: string | undefined; }, { name: string; email: string; role: "Admin" | "Usu├írio"; avatar?: string | undefined; }> | Promise<...>'.
          Type 'ResolverSuccess<TFieldValues>' is not assignable to type 'ResolverResult<{ name: string; email: string; role: "Admin" | "Usu├írio"; avatar?: string | undefined; }, { name: string; email: string; role: "Admin" | "Usu├írio"; avatar?: string | undefined; }> | Promise<...>'.
            Type 'ResolverSuccess<TFieldValues>' is not assignable to type 'ResolverSuccess<{ name: string; email: string; role: "Admin" | "Usu├írio"; avatar?: string | undefined; }>'.
              Type 'TFieldValues' is not assignable to type '{ name: string; email: string; role: "Admin" | "Usu├írio"; avatar?: string | undefined; }'.
                Type 'FieldValues' is missing the following properties from type '{ name: string; email: string; role: "Admin" | "Usu├írio"; avatar?: string | undefined; }': name, email, role
src/components/users/edit-user-form.tsx(145,15): error TS2322: Type 'Control<{ name: string; email: string; role: "Admin" | "Usu├írio"; avatar?: string | undefined; }, any, TFieldValues>' is not assignable to type 'Control<{ name: string; email: string; role: "Admin" | "Usu├írio"; avatar?: string | undefined; }, any, { name: string; email: string; role: "Admin" | "Usu├írio"; avatar?: string | undefined; }>'.
  The types of '_options.resolver' are incompatible between these types.
    Type 'Resolver<{ name: string; email: string; role: "Admin" | "Usu├írio"; avatar?: string | undefined; }, any, TFieldValues> | undefined' is not assignable to type 'Resolver<{ name: string; email: string; role: "Admin" | "Usu├írio"; avatar?: string | undefined; }, any, { name: string; email: string; role: "Admin" | "Usu├írio"; avatar?: string | undefined; }> | undefined'.
      Type 'Resolver<{ name: string; email: string; role: "Admin" | "Usu├írio"; avatar?: string | undefined; }, any, TFieldValues>' is not assignable to type 'Resolver<{ name: string; email: string; role: "Admin" | "Usu├írio"; avatar?: string | undefined; }, any, { name: string; email: string; role: "Admin" | "Usu├írio"; avatar?: string | undefined; }>'.
        Type 'ResolverResult<{ name: string; email: string; role: "Admin" | "Usu├írio"; avatar?: string | undefined; }, TFieldValues> | Promise<ResolverResult<{ name: string; email: string; role: "Admin" | "Usu├írio"; avatar?: string | undefined; }, TFieldValues>>' is not assignable to type 'ResolverResult<{ name: string; email: string; role: "Admin" | "Usu├írio"; avatar?: string | undefined; }, { name: string; email: string; role: "Admin" | "Usu├írio"; avatar?: string | undefined; }> | Promise<...>'.
          Type 'ResolverSuccess<TFieldValues>' is not assignable to type 'ResolverResult<{ name: string; email: string; role: "Admin" | "Usu├írio"; avatar?: string | undefined; }, { name: string; email: string; role: "Admin" | "Usu├írio"; avatar?: string | undefined; }> | Promise<...>'.
            Type 'ResolverSuccess<TFieldValues>' is not assignable to type 'ResolverSuccess<{ name: string; email: string; role: "Admin" | "Usu├írio"; avatar?: string | undefined; }>'.
              Type 'TFieldValues' is not assignable to type '{ name: string; email: string; role: "Admin" | "Usu├írio"; avatar?: string | undefined; }'.
                Type 'FieldValues' is missing the following properties from type '{ name: string; email: string; role: "Admin" | "Usu├írio"; avatar?: string | undefined; }': name, email, role
src/components/users/users-client-view.tsx(78,28): error TS2322: Type 'string | null' is not assignable to type 'string | undefined'.
  Type 'null' is not assignable to type 'string | undefined'.
src/components/users/users-client-view.tsx(90,63): error TS2769: No overload matches this call.
  Overload 1 of 4, '(value: string | number | Date): Date', gave the following error.
    Argument of type 'Date | undefined' is not assignable to parameter of type 'string | number | Date'.
      Type 'undefined' is not assignable to type 'string | number | Date'.
  Overload 2 of 4, '(value: string | number): Date', gave the following error.
    Argument of type 'Date | undefined' is not assignable to parameter of type 'string | number'.
      Type 'undefined' is not assignable to type 'string | number'.
src/components/users/users-client-view.tsx(209,25): error TS2322: Type '{ checked: boolean; indeterminate: boolean; onCheckedChange: (value: CheckedState) => void; "aria-label": string; }' is not assignable to type 'IntrinsicAttributes & Omit<CheckboxProps & RefAttributes<HTMLButtonElement>, "ref"> & RefAttributes<...>'.
  Property 'indeterminate' does not exist on type 'IntrinsicAttributes & Omit<CheckboxProps & RefAttributes<HTMLButtonElement>, "ref"> & RefAttributes<...>'.
